#
# A fatal error has been detected by the Java Runtime Environment:
#
#  Internal Error (0xc000000d), pid=7300, tid=8532
#
# JRE version: Java(TM) SE Runtime Environment (10.0.1+10) (build 10.0.1+10)
# Java VM: Java HotSpot(TM) 64-Bit Server VM (10.0.1+10, mixed mode, tiered, compressed oops, g1 gc, windows-amd64)
# Problematic frame:
# C  [ntdll.dll+0x95415]
#
# No core dump will be written. Minidumps are not enabled by default on client versions of Windows
#
# If you would like to submit a bug report, please visit:
#   http://bugreport.java.com/bugreport/crash.jsp
#

---------------  S U M M A R Y ------------

Command Line: \\nas\share\temp\Chad\Dev\Dev\PKCS11GUIv2.1\out\artifacts\PKCS11GUIv2_1_jar\PKCS11GUIv2.1.jar

Host: Intel(R) Core(TM) i5-4590 CPU @ 3.30GHz, 4 cores, 7G,  Windows 7 , 64 bit Build 7601 (6.1.7601.24168)
Time: Wed Aug 08 16:47:54 2018 Pacific Daylight Time elapsed time: 60 seconds (0d 0h 1m 0s)

---------------  T H R E A D  ---------------

Current thread (0x0000000006ee3000):  VMThread "VM Thread" [stack: 0x0000000022b80000,0x0000000022c80000] [id=8532]

Stack: [0x0000000022b80000,0x0000000022c80000],  sp=0x0000000022c7ec50,  free space=1019k
Native frames: (J=compiled Java code, j=interpreted, Vv=VM code, C=native code)
C  [ntdll.dll+0x95415]
C  [kernel32.dll+0x43458]
C  [msvcr120.dll+0x72e1]
C  [msvcr120.dll+0x717a]
C  [msvcr120.dll+0x149bf]
C  [msvcr120.dll+0x13c06]
C  [msvcr120.dll+0x22da]
C  [msvcr120.dll+0xae32]
C  [msvcp120.dll+0x3cd49]
C  0x000007fed7bd65ae


siginfo: EXCEPTION_?? (0xc000000d)


Register to memory mapping:

RIP=0x0000000077275415 ntdll.dll
RAX=0x000000005415c17c is an unknown value
RBX=0x0000000000000000 is an unknown value
RCX=0x0000000022c7e640 is an unknown value
RDX=0x0000000000000000 is an unknown value
RSP=0x0000000022c7ec50 is an unknown value
RBP=0x0000000023ac8da0 is an unknown value
RSI=0x000007fed65371bc msvcr120.dll
RDI=0x0000000022c7ed98 is an unknown value
R8 =0x0000000000000000 is an unknown value
R9 =0x0000000000000000 is an unknown value
R10=0x0000000000000000 is an unknown value
R11=0x0000000000000246 is an unknown value
R12=0x000007fffffdf000 is an unknown value
R13=0x000007fffff90000 is an unknown value
R14=0x0000000023ac8ea8 is an unknown value
R15=0x0000000077312e70 ntdll.dll


Registers:
RAX=0x000000005415c17c, RBX=0x0000000000000000, RCX=0x0000000022c7e640, RDX=0x0000000000000000
RSP=0x0000000022c7ec50, RBP=0x0000000023ac8da0, RSI=0x000007fed65371bc, RDI=0x0000000022c7ed98
R8 =0x0000000000000000, R9 =0x0000000000000000, R10=0x0000000000000000, R11=0x0000000000000246
R12=0x000007fffffdf000, R13=0x000007fffff90000, R14=0x0000000023ac8ea8, R15=0x0000000077312e70
RIP=0x0000000077275415, EFLAGS=0x0000000000000202

Top of Stack: (sp=0x0000000022c7ec50)
0x0000000022c7ec50:   0000000000000000 000007fed65371bc
0x0000000022c7ec60:   0000000022c7ed98 0000000000000000
0x0000000022c7ec70:   0000000000000050 0000000000400000
0x0000000022c7ec80:   0000000000000000 0000000000000000
0x0000000022c7ec90:   0000000000000002 0000000077207974
0x0000000022c7eca0:   00000000c000000d 0000000000000000
0x0000000022c7ecb0:   0000000077275415 0000000000000000
0x0000000022c7ecc0:   0000000000000000 0000000000000000
0x0000000022c7ecd0:   0000000000000000 0000000000000000
0x0000000022c7ece0:   0000000000000000 0000000000000000
0x0000000022c7ecf0:   0000000000000000 0000000000000000
0x0000000022c7ed00:   0000000000000000 0000000000000000
0x0000000022c7ed10:   0000000000000000 0000000000000000
0x0000000022c7ed20:   0000000000000000 0000000000000000
0x0000000022c7ed30:   0000000000000000 000007fffffdf000
0x0000000022c7ed40:   0000000000000928 0000000077103458 

Instructions: (pc=0x0000000077275415)
0x00000000772753f5:   d7 4a fc ff b9 57 00 00 00 c7 44 24 50 0d 00 00
0x0000000077275405:   c0 e8 75 74 fb ff 48 8d 4c 24 50 e8 db e5 fa ff
0x0000000077275415:   4c 8b 1d 1c c2 09 00 4d 85 db 74 5b 65 48 8b 04
0x0000000077275425:   25 30 00 00 00 f6 80 ee 17 00 00 08 74 12 65 48 


VM_Operation (0x0000000024bbb260): Exit, mode: safepoint, requested by thread 0x0000000023805800


---------------  P R O C E S S  ---------------

Threads class SMR info:
_java_thread_list=0x0000000024628e20, length=15, elements={
0x0000000006ee8000, 0x0000000006ef4000, 0x0000000006efa800, 0x0000000006efd800,
0x0000000006f00800, 0x0000000006f09000, 0x0000000006f09800, 0x0000000006f0a800,
0x00000000237c1800, 0x000000002380b800, 0x00000000241f2000, 0x000000002403f000,
0x0000000023805800, 0x000000000046f000, 0x000000002426a000
}

Java Threads: ( => current thread )
  0x0000000006ee8000 JavaThread "Reference Handler" daemon [_thread_blocked, id=6672, stack(0x00000000070c0000,0x00000000071c0000)]
  0x0000000006ef4000 JavaThread "Finalizer" daemon [_thread_blocked, id=8564, stack(0x0000000022d20000,0x0000000022e20000)]
  0x0000000006efa800 JavaThread "Signal Dispatcher" daemon [_thread_blocked, id=7968, stack(0x0000000022ec0000,0x0000000022fc0000)]
  0x0000000006efd800 JavaThread "Attach Listener" daemon [_thread_blocked, id=6792, stack(0x00000000230d0000,0x00000000231d0000)]
  0x0000000006f00800 JavaThread "C2 CompilerThread0" daemon [_thread_blocked, id=8668, stack(0x0000000023360000,0x0000000023460000)]
  0x0000000006f09000 JavaThread "C2 CompilerThread1" daemon [_thread_blocked, id=988, stack(0x0000000023460000,0x0000000023560000)]
  0x0000000006f09800 JavaThread "C1 CompilerThread2" daemon [_thread_blocked, id=4836, stack(0x0000000022fd0000,0x00000000230d0000)]
  0x0000000006f0a800 JavaThread "Sweeper thread" daemon [_thread_blocked, id=4456, stack(0x0000000023600000,0x0000000023700000)]
  0x00000000237c1800 JavaThread "Service Thread" daemon [_thread_blocked, id=8964, stack(0x0000000023be0000,0x0000000023ce0000)]
  0x000000002380b800 JavaThread "Common-Cleaner" daemon [_thread_blocked, id=8352, stack(0x0000000023dd0000,0x0000000023ed0000)]
  0x00000000241f2000 JavaThread "Java2D Disposer" daemon [_thread_blocked, id=6024, stack(0x0000000024900000,0x0000000024a00000)]
  0x000000002403f000 JavaThread "AWT-Shutdown" [_thread_blocked, id=7924, stack(0x0000000024be0000,0x0000000024ce0000)]
  0x0000000023805800 JavaThread "AWT-EventQueue-0" [_thread_blocked, id=6844, stack(0x0000000024ac0000,0x0000000024bc0000)]
  0x000000000046f000 JavaThread "DestroyJavaVM" [_thread_blocked, id=4848, stack(0x00000000021e0000,0x00000000022e0000)]
  0x000000002426a000 JavaThread "TimerQueue" daemon [_thread_blocked, id=7296, stack(0x00000000274c0000,0x00000000275c0000)]

Other Threads:
=>0x0000000006ee3000 VMThread "VM Thread" [stack: 0x0000000022b80000,0x0000000022c80000] [id=8532]
  0x0000000000486800 GCTaskThread "GC Thread#0" [stack: 0x0000000002980000,0x0000000002a80000] [id=2720]
  0x0000000000488000 GCTaskThread "GC Thread#1" [stack: 0x0000000002ab0000,0x0000000002bb0000] [id=1920]
  0x000000000048d000 GCTaskThread "GC Thread#2" [stack: 0x0000000002d20000,0x0000000002e20000] [id=5368]
  0x0000000000490800 GCTaskThread "GC Thread#3" [stack: 0x0000000002ed0000,0x0000000002fd0000] [id=9844]
  0x0000000005ebb800 ConcurrentGCThread "G1 Main Marker" [stack: 0x00000000060f0000,0x00000000061f0000] [id=3768]
  0x0000000005ebd800 ConcurrentGCThread "G1 Conc#0" [stack: 0x00000000062a0000,0x00000000063a0000] [id=9040]
  0x0000000005f33000 ConcurrentGCThread "G1 Refine#0" [stack: 0x0000000006710000,0x0000000006810000] [id=5036]
  0x0000000005f36000 ConcurrentGCThread "G1 Refine#1" [stack: 0x0000000006880000,0x0000000006980000] [id=9896]
  0x0000000005f37000 ConcurrentGCThread "G1 Refine#2" [stack: 0x00000000069e0000,0x0000000006ae0000] [id=9696]
  0x0000000005f39000 ConcurrentGCThread "G1 Refine#3" [stack: 0x0000000006cd0000,0x0000000006dd0000] [id=9548]
  0x0000000005f3a000 ConcurrentGCThread "G1 Young RemSet Sampling" [stack: 0x0000000006b30000,0x0000000006c30000] [id=7340]

Threads with active compile tasks:

VM state:at safepoint (shutting down)

VM Mutex/Monitor currently owned by a thread:  ([mutex/lock_event])
[0x000000000046b810] Threads_lock - owner thread: 0x0000000006ee3000

Heap address: 0x0000000081400000, size: 2028 MB, Compressed Oops mode: 32-bit
Narrow klass base: 0x0000000000000000, Narrow klass shift: 3
Compressed class space size: 1073741824 Address: 0x000000013ffc0000

Heap:
 garbage-first heap   total 131072K, used 7871K [0x0000000081400000, 0x0000000100000000)
  region size 1024K, 5 young (5120K), 2 survivors (2048K)
 Metaspace       used 19887K, capacity 20396K, committed 20608K, reserved 1067008K
  class space    used 2337K, capacity 2577K, committed 2688K, reserved 1048576K
Heap Regions: E=young(eden), S=young(survivor), O=old, HS=humongous(starts), HC=humongous(continues), CS=collection set, F=free, A=archive, TS=gc time stamp, AC=allocation context, TAMS=top-at-mark-start (previous, next)
|   0|0x0000000081400000, 0x0000000081500000, 0x0000000081500000|100%|HS|  |TS  0|AC  0|TAMS 0x0000000081400000, 0x0000000081400000|
|   1|0x0000000081500000, 0x0000000081600000, 0x0000000081600000|100%|HS|  |TS  0|AC  0|TAMS 0x0000000081500000, 0x0000000081500000|
|   2|0x0000000081600000, 0x0000000081700000, 0x0000000081700000|100%| O|  |TS  2|AC  0|TAMS 0x0000000081600000, 0x0000000081600000|
|   3|0x0000000081700000, 0x0000000081800000, 0x0000000081800000|100%| O|  |TS  2|AC  0|TAMS 0x0000000081700000, 0x0000000081700000|
|   4|0x0000000081800000, 0x0000000081898600, 0x0000000081900000| 59%| O|  |TS  2|AC  0|TAMS 0x0000000081800000, 0x0000000081800000|
|   5|0x0000000081900000, 0x0000000081900000, 0x0000000081a00000|  0%| F|  |TS  0|AC  0|TAMS 0x0000000081900000, 0x0000000081900000|
|   6|0x0000000081a00000, 0x0000000081a00000, 0x0000000081b00000|  0%| F|  |TS  0|AC  0|TAMS 0x0000000081a00000, 0x0000000081a00000|
|   7|0x0000000081b00000, 0x0000000081b00000, 0x0000000081c00000|  0%| F|  |TS  0|AC  0|TAMS 0x0000000081b00000, 0x0000000081b00000|
|   8|0x0000000081c00000, 0x0000000081c00000, 0x0000000081d00000|  0%| F|  |TS  0|AC  0|TAMS 0x0000000081c00000, 0x0000000081c00000|
|   9|0x0000000081d00000, 0x0000000081d00000, 0x0000000081e00000|  0%| F|  |TS  0|AC  0|TAMS 0x0000000081d00000, 0x0000000081d00000|
|  10|0x0000000081e00000, 0x0000000081e00000, 0x0000000081f00000|  0%| F|  |TS  0|AC  0|TAMS 0x0000000081e00000, 0x0000000081e00000|
|  11|0x0000000081f00000, 0x0000000081f00000, 0x0000000082000000|  0%| F|  |TS  0|AC  0|TAMS 0x0000000081f00000, 0x0000000081f00000|
|  12|0x0000000082000000, 0x0000000082000000, 0x0000000082100000|  0%| F|  |TS  0|AC  0|TAMS 0x0000000082000000, 0x0000000082000000|
|  13|0x0000000082100000, 0x0000000082100000, 0x0000000082200000|  0%| F|  |TS  0|AC  0|TAMS 0x0000000082100000, 0x0000000082100000|
|  14|0x0000000082200000, 0x0000000082200000, 0x0000000082300000|  0%| F|  |TS  0|AC  0|TAMS 0x0000000082200000, 0x0000000082200000|
|  15|0x0000000082300000, 0x0000000082300000, 0x0000000082400000|  0%| F|  |TS  0|AC  0|TAMS 0x0000000082300000, 0x0000000082300000|
|  16|0x0000000082400000, 0x0000000082400000, 0x0000000082500000|  0%| F|  |TS  0|AC  0|TAMS 0x0000000082400000, 0x0000000082400000|
|  17|0x0000000082500000, 0x0000000082500000, 0x0000000082600000|  0%| F|  |TS  0|AC  0|TAMS 0x0000000082500000, 0x0000000082500000|
|  18|0x0000000082600000, 0x0000000082600000, 0x0000000082700000|  0%| F|  |TS  0|AC  0|TAMS 0x0000000082600000, 0x0000000082600000|
|  19|0x0000000082700000, 0x0000000082700000, 0x0000000082800000|  0%| F|  |TS  0|AC  0|TAMS 0x0000000082700000, 0x0000000082700000|
|  20|0x0000000082800000, 0x0000000082800000, 0x0000000082900000|  0%| F|  |TS  0|AC  0|TAMS 0x0000000082800000, 0x0000000082800000|
|  21|0x0000000082900000, 0x0000000082900000, 0x0000000082a00000|  0%| F|  |TS  0|AC  0|TAMS 0x0000000082900000, 0x0000000082900000|
|  22|0x0000000082a00000, 0x0000000082a00000, 0x0000000082b00000|  0%| F|  |TS  0|AC  0|TAMS 0x0000000082a00000, 0x0000000082a00000|
|  23|0x0000000082b00000, 0x0000000082b00000, 0x0000000082c00000|  0%| F|  |TS  0|AC  0|TAMS 0x0000000082b00000, 0x0000000082b00000|
|  24|0x0000000082c00000, 0x0000000082c00000, 0x0000000082d00000|  0%| F|  |TS  0|AC  0|TAMS 0x0000000082c00000, 0x0000000082c00000|
|  25|0x0000000082d00000, 0x0000000082d00000, 0x0000000082e00000|  0%| F|  |TS  0|AC  0|TAMS 0x0000000082d00000, 0x0000000082d00000|
|  26|0x0000000082e00000, 0x0000000082e00000, 0x0000000082f00000|  0%| F|  |TS  0|AC  0|TAMS 0x0000000082e00000, 0x0000000082e00000|
|  27|0x0000000082f00000, 0x0000000082f00000, 0x0000000083000000|  0%| F|  |TS  0|AC  0|TAMS 0x0000000082f00000, 0x0000000082f00000|
|  28|0x0000000083000000, 0x0000000083000000, 0x0000000083100000|  0%| F|  |TS  0|AC  0|TAMS 0x0000000083000000, 0x0000000083000000|
|  29|0x0000000083100000, 0x0000000083100000, 0x0000000083200000|  0%| F|  |TS  0|AC  0|TAMS 0x0000000083100000, 0x0000000083100000|
|  30|0x0000000083200000, 0x0000000083200000, 0x0000000083300000|  0%| F|  |TS  0|AC  0|TAMS 0x0000000083200000, 0x0000000083200000|
|  31|0x0000000083300000, 0x0000000083300000, 0x0000000083400000|  0%| F|  |TS  0|AC  0|TAMS 0x0000000083300000, 0x0000000083300000|
|  32|0x0000000083400000, 0x0000000083400000, 0x0000000083500000|  0%| F|  |TS  0|AC  0|TAMS 0x0000000083400000, 0x0000000083400000|
|  33|0x0000000083500000, 0x0000000083500000, 0x0000000083600000|  0%| F|  |TS  0|AC  0|TAMS 0x0000000083500000, 0x0000000083500000|
|  34|0x0000000083600000, 0x0000000083600000, 0x0000000083700000|  0%| F|  |TS  0|AC  0|TAMS 0x0000000083600000, 0x0000000083600000|
|  35|0x0000000083700000, 0x0000000083700000, 0x0000000083800000|  0%| F|  |TS  0|AC  0|TAMS 0x0000000083700000, 0x0000000083700000|
|  36|0x0000000083800000, 0x0000000083800000, 0x0000000083900000|  0%| F|  |TS  0|AC  0|TAMS 0x0000000083800000, 0x0000000083800000|
|  37|0x0000000083900000, 0x0000000083900000, 0x0000000083a00000|  0%| F|  |TS  0|AC  0|TAMS 0x0000000083900000, 0x0000000083900000|
|  38|0x0000000083a00000, 0x0000000083a00000, 0x0000000083b00000|  0%| F|  |TS  0|AC  0|TAMS 0x0000000083a00000, 0x0000000083a00000|
|  39|0x0000000083b00000, 0x0000000083b00000, 0x0000000083c00000|  0%| F|  |TS  0|AC  0|TAMS 0x0000000083b00000, 0x0000000083b00000|
|  40|0x0000000083c00000, 0x0000000083c00000, 0x0000000083d00000|  0%| F|  |TS  0|AC  0|TAMS 0x0000000083c00000, 0x0000000083c00000|
|  41|0x0000000083d00000, 0x0000000083d00000, 0x0000000083e00000|  0%| F|  |TS  0|AC  0|TAMS 0x0000000083d00000, 0x0000000083d00000|
|  42|0x0000000083e00000, 0x0000000083e00000, 0x0000000083f00000|  0%| F|  |TS  0|AC  0|TAMS 0x0000000083e00000, 0x0000000083e00000|
|  43|0x0000000083f00000, 0x0000000083f00000, 0x0000000084000000|  0%| F|  |TS  0|AC  0|TAMS 0x0000000083f00000, 0x0000000083f00000|
|  44|0x0000000084000000, 0x0000000084000000, 0x0000000084100000|  0%| F|  |TS  0|AC  0|TAMS 0x0000000084000000, 0x0000000084000000|
|  45|0x0000000084100000, 0x0000000084100000, 0x0000000084200000|  0%| F|  |TS  0|AC  0|TAMS 0x0000000084100000, 0x0000000084100000|
|  46|0x0000000084200000, 0x0000000084200000, 0x0000000084300000|  0%| F|  |TS  0|AC  0|TAMS 0x0000000084200000, 0x0000000084200000|
|  47|0x0000000084300000, 0x0000000084300000, 0x0000000084400000|  0%| F|  |TS  0|AC  0|TAMS 0x0000000084300000, 0x0000000084300000|
|  48|0x0000000084400000, 0x0000000084400000, 0x0000000084500000|  0%| F|  |TS  0|AC  0|TAMS 0x0000000084400000, 0x0000000084400000|
|  49|0x0000000084500000, 0x0000000084500000, 0x0000000084600000|  0%| F|  |TS  0|AC  0|TAMS 0x0000000084500000, 0x0000000084500000|
|  50|0x0000000084600000, 0x0000000084600000, 0x0000000084700000|  0%| F|  |TS  0|AC  0|TAMS 0x0000000084600000, 0x0000000084600000|
|  51|0x0000000084700000, 0x0000000084700000, 0x0000000084800000|  0%| F|  |TS  0|AC  0|TAMS 0x0000000084700000, 0x0000000084700000|
|  52|0x0000000084800000, 0x0000000084800000, 0x0000000084900000|  0%| F|  |TS  0|AC  0|TAMS 0x0000000084800000, 0x0000000084800000|
|  53|0x0000000084900000, 0x0000000084900000, 0x0000000084a00000|  0%| F|  |TS  0|AC  0|TAMS 0x0000000084900000, 0x0000000084900000|
|  54|0x0000000084a00000, 0x0000000084a00000, 0x0000000084b00000|  0%| F|  |TS  0|AC  0|TAMS 0x0000000084a00000, 0x0000000084a00000|
|  55|0x0000000084b00000, 0x0000000084b00000, 0x0000000084c00000|  0%| F|  |TS  0|AC  0|TAMS 0x0000000084b00000, 0x0000000084b00000|
|  56|0x0000000084c00000, 0x0000000084c00000, 0x0000000084d00000|  0%| F|  |TS  0|AC  0|TAMS 0x0000000084c00000, 0x0000000084c00000|
|  57|0x0000000084d00000, 0x0000000084d00000, 0x0000000084e00000|  0%| F|  |TS  0|AC  0|TAMS 0x0000000084d00000, 0x0000000084d00000|
|  58|0x0000000084e00000, 0x0000000084e00000, 0x0000000084f00000|  0%| F|  |TS  0|AC  0|TAMS 0x0000000084e00000, 0x0000000084e00000|
|  59|0x0000000084f00000, 0x0000000084f00000, 0x0000000085000000|  0%| F|  |TS  0|AC  0|TAMS 0x0000000084f00000, 0x0000000084f00000|
|  60|0x0000000085000000, 0x0000000085000000, 0x0000000085100000|  0%| F|  |TS  0|AC  0|TAMS 0x0000000085000000, 0x0000000085000000|
|  61|0x0000000085100000, 0x0000000085100000, 0x0000000085200000|  0%| F|  |TS  0|AC  0|TAMS 0x0000000085100000, 0x0000000085100000|
|  62|0x0000000085200000, 0x0000000085200000, 0x0000000085300000|  0%| F|  |TS  0|AC  0|TAMS 0x0000000085200000, 0x0000000085200000|
|  63|0x0000000085300000, 0x0000000085300000, 0x0000000085400000|  0%| F|  |TS  0|AC  0|TAMS 0x0000000085300000, 0x0000000085300000|
|  64|0x0000000085400000, 0x0000000085400000, 0x0000000085500000|  0%| F|  |TS  0|AC  0|TAMS 0x0000000085400000, 0x0000000085400000|
|  65|0x0000000085500000, 0x0000000085500000, 0x0000000085600000|  0%| F|  |TS  0|AC  0|TAMS 0x0000000085500000, 0x0000000085500000|
|  66|0x0000000085600000, 0x0000000085600000, 0x0000000085700000|  0%| F|  |TS  0|AC  0|TAMS 0x0000000085600000, 0x0000000085600000|
|  67|0x0000000085700000, 0x0000000085700000, 0x0000000085800000|  0%| F|  |TS  0|AC  0|TAMS 0x0000000085700000, 0x0000000085700000|
|  68|0x0000000085800000, 0x0000000085800000, 0x0000000085900000|  0%| F|  |TS  0|AC  0|TAMS 0x0000000085800000, 0x0000000085800000|
|  69|0x0000000085900000, 0x0000000085900000, 0x0000000085a00000|  0%| F|  |TS  0|AC  0|TAMS 0x0000000085900000, 0x0000000085900000|
|  70|0x0000000085a00000, 0x0000000085a00000, 0x0000000085b00000|  0%| F|  |TS  0|AC  0|TAMS 0x0000000085a00000, 0x0000000085a00000|
|  71|0x0000000085b00000, 0x0000000085b00000, 0x0000000085c00000|  0%| F|  |TS  0|AC  0|TAMS 0x0000000085b00000, 0x0000000085b00000|
|  72|0x0000000085c00000, 0x0000000085c00000, 0x0000000085d00000|  0%| F|  |TS  0|AC  0|TAMS 0x0000000085c00000, 0x0000000085c00000|
|  73|0x0000000085d00000, 0x0000000085d00000, 0x0000000085e00000|  0%| F|  |TS  0|AC  0|TAMS 0x0000000085d00000, 0x0000000085d00000|
|  74|0x0000000085e00000, 0x0000000085e00000, 0x0000000085f00000|  0%| F|  |TS  0|AC  0|TAMS 0x0000000085e00000, 0x0000000085e00000|
|  75|0x0000000085f00000, 0x0000000085f00000, 0x0000000086000000|  0%| F|  |TS  0|AC  0|TAMS 0x0000000085f00000, 0x0000000085f00000|
|  76|0x0000000086000000, 0x0000000086000000, 0x0000000086100000|  0%| F|  |TS  0|AC  0|TAMS 0x0000000086000000, 0x0000000086000000|
|  77|0x0000000086100000, 0x0000000086100000, 0x0000000086200000|  0%| F|  |TS  0|AC  0|TAMS 0x0000000086100000, 0x0000000086100000|
|  78|0x0000000086200000, 0x0000000086200000, 0x0000000086300000|  0%| F|  |TS  0|AC  0|TAMS 0x0000000086200000, 0x0000000086200000|
|  79|0x0000000086300000, 0x0000000086300000, 0x0000000086400000|  0%| F|  |TS  0|AC  0|TAMS 0x0000000086300000, 0x0000000086300000|
|  80|0x0000000086400000, 0x0000000086400000, 0x0000000086500000|  0%| F|  |TS  0|AC  0|TAMS 0x0000000086400000, 0x0000000086400000|
|  81|0x0000000086500000, 0x0000000086500000, 0x0000000086600000|  0%| F|  |TS  0|AC  0|TAMS 0x0000000086500000, 0x0000000086500000|
|  82|0x0000000086600000, 0x0000000086600000, 0x0000000086700000|  0%| F|  |TS  0|AC  0|TAMS 0x0000000086600000, 0x0000000086600000|
|  83|0x0000000086700000, 0x0000000086700000, 0x0000000086800000|  0%| F|  |TS  0|AC  0|TAMS 0x0000000086700000, 0x0000000086700000|
|  84|0x0000000086800000, 0x0000000086800000, 0x0000000086900000|  0%| F|  |TS  0|AC  0|TAMS 0x0000000086800000, 0x0000000086800000|
|  85|0x0000000086900000, 0x0000000086900000, 0x0000000086a00000|  0%| F|  |TS  0|AC  0|TAMS 0x0000000086900000, 0x0000000086900000|
|  86|0x0000000086a00000, 0x0000000086a00000, 0x0000000086b00000|  0%| F|  |TS  0|AC  0|TAMS 0x0000000086a00000, 0x0000000086a00000|
|  87|0x0000000086b00000, 0x0000000086b00000, 0x0000000086c00000|  0%| F|  |TS  0|AC  0|TAMS 0x0000000086b00000, 0x0000000086b00000|
|  88|0x0000000086c00000, 0x0000000086c00000, 0x0000000086d00000|  0%| F|  |TS  0|AC  0|TAMS 0x0000000086c00000, 0x0000000086c00000|
|  89|0x0000000086d00000, 0x0000000086d00000, 0x0000000086e00000|  0%| F|  |TS  0|AC  0|TAMS 0x0000000086d00000, 0x0000000086d00000|
|  90|0x0000000086e00000, 0x0000000086e00000, 0x0000000086f00000|  0%| F|  |TS  0|AC  0|TAMS 0x0000000086e00000, 0x0000000086e00000|
|  91|0x0000000086f00000, 0x0000000086f00000, 0x0000000087000000|  0%| F|  |TS  0|AC  0|TAMS 0x0000000086f00000, 0x0000000086f00000|
|  92|0x0000000087000000, 0x0000000087000000, 0x0000000087100000|  0%| F|  |TS  0|AC  0|TAMS 0x0000000087000000, 0x0000000087000000|
|  93|0x0000000087100000, 0x0000000087100000, 0x0000000087200000|  0%| F|  |TS  0|AC  0|TAMS 0x0000000087100000, 0x0000000087100000|
|  94|0x0000000087200000, 0x0000000087200000, 0x0000000087300000|  0%| F|  |TS  0|AC  0|TAMS 0x0000000087200000, 0x0000000087200000|
|  95|0x0000000087300000, 0x0000000087300000, 0x0000000087400000|  0%| F|  |TS  0|AC  0|TAMS 0x0000000087300000, 0x0000000087300000|
|  96|0x0000000087400000, 0x0000000087400000, 0x0000000087500000|  0%| F|  |TS  0|AC  0|TAMS 0x0000000087400000, 0x0000000087400000|
|  97|0x0000000087500000, 0x0000000087500000, 0x0000000087600000|  0%| F|  |TS  0|AC  0|TAMS 0x0000000087500000, 0x0000000087500000|
|  98|0x0000000087600000, 0x0000000087600000, 0x0000000087700000|  0%| F|  |TS  0|AC  0|TAMS 0x0000000087600000, 0x0000000087600000|
|  99|0x0000000087700000, 0x0000000087700000, 0x0000000087800000|  0%| F|  |TS  0|AC  0|TAMS 0x0000000087700000, 0x0000000087700000|
| 100|0x0000000087800000, 0x0000000087800000, 0x0000000087900000|  0%| F|  |TS  0|AC  0|TAMS 0x0000000087800000, 0x0000000087800000|
| 101|0x0000000087900000, 0x0000000087900000, 0x0000000087a00000|  0%| F|  |TS  0|AC  0|TAMS 0x0000000087900000, 0x0000000087900000|
| 102|0x0000000087a00000, 0x0000000087a00000, 0x0000000087b00000|  0%| F|  |TS  0|AC  0|TAMS 0x0000000087a00000, 0x0000000087a00000|
| 103|0x0000000087b00000, 0x0000000087b00000, 0x0000000087c00000|  0%| F|  |TS  0|AC  0|TAMS 0x0000000087b00000, 0x0000000087b00000|
| 104|0x0000000087c00000, 0x0000000087c00000, 0x0000000087d00000|  0%| F|  |TS  0|AC  0|TAMS 0x0000000087c00000, 0x0000000087c00000|
| 105|0x0000000087d00000, 0x0000000087d00000, 0x0000000087e00000|  0%| F|  |TS  0|AC  0|TAMS 0x0000000087d00000, 0x0000000087d00000|
| 106|0x0000000087e00000, 0x0000000087e00000, 0x0000000087f00000|  0%| F|  |TS  0|AC  0|TAMS 0x0000000087e00000, 0x0000000087e00000|
| 107|0x0000000087f00000, 0x0000000087f00000, 0x0000000088000000|  0%| F|  |TS  0|AC  0|TAMS 0x0000000087f00000, 0x0000000087f00000|
| 108|0x0000000088000000, 0x0000000088000000, 0x0000000088100000|  0%| F|  |TS  0|AC  0|TAMS 0x0000000088000000, 0x0000000088000000|
| 109|0x0000000088100000, 0x0000000088100000, 0x0000000088200000|  0%| F|  |TS  0|AC  0|TAMS 0x0000000088100000, 0x0000000088100000|
| 110|0x0000000088200000, 0x0000000088200000, 0x0000000088300000|  0%| F|  |TS  0|AC  0|TAMS 0x0000000088200000, 0x0000000088200000|
| 111|0x0000000088300000, 0x0000000088300000, 0x0000000088400000|  0%| F|  |TS  0|AC  0|TAMS 0x0000000088300000, 0x0000000088300000|
| 112|0x0000000088400000, 0x0000000088400000, 0x0000000088500000|  0%| F|  |TS  2|AC  0|TAMS 0x0000000088400000, 0x0000000088400000|
| 113|0x0000000088500000, 0x0000000088500000, 0x0000000088600000|  0%| F|  |TS  2|AC  0|TAMS 0x0000000088500000, 0x0000000088500000|
| 114|0x0000000088600000, 0x00000000886179a0, 0x0000000088700000|  9%| S|CS|TS  2|AC  0|TAMS 0x0000000088600000, 0x0000000088600000|
| 115|0x0000000088700000, 0x0000000088800000, 0x0000000088800000|100%| S|CS|TS  2|AC  0|TAMS 0x0000000088700000, 0x0000000088700000|
| 116|0x0000000088800000, 0x0000000088800000, 0x0000000088900000|  0%| F|  |TS  2|AC  0|TAMS 0x0000000088800000, 0x0000000088800000|
| 117|0x0000000088900000, 0x0000000088900000, 0x0000000088a00000|  0%| F|  |TS  2|AC  0|TAMS 0x0000000088900000, 0x0000000088900000|
| 118|0x0000000088a00000, 0x0000000088a00000, 0x0000000088b00000|  0%| F|  |TS  2|AC  0|TAMS 0x0000000088a00000, 0x0000000088a00000|
| 119|0x0000000088b00000, 0x0000000088b00000, 0x0000000088c00000|  0%| F|  |TS  2|AC  0|TAMS 0x0000000088b00000, 0x0000000088b00000|
| 120|0x0000000088c00000, 0x0000000088c00000, 0x0000000088d00000|  0%| F|  |TS  2|AC  0|TAMS 0x0000000088c00000, 0x0000000088c00000|
| 121|0x0000000088d00000, 0x0000000088d00000, 0x0000000088e00000|  0%| F|  |TS  2|AC  0|TAMS 0x0000000088d00000, 0x0000000088d00000|
| 122|0x0000000088e00000, 0x0000000088e00000, 0x0000000088f00000|  0%| F|  |TS  2|AC  0|TAMS 0x0000000088e00000, 0x0000000088e00000|
| 123|0x0000000088f00000, 0x0000000088f00000, 0x0000000089000000|  0%| F|  |TS  2|AC  0|TAMS 0x0000000088f00000, 0x0000000088f00000|
| 124|0x0000000089000000, 0x0000000089000000, 0x0000000089100000|  0%| F|  |TS  2|AC  0|TAMS 0x0000000089000000, 0x0000000089000000|
| 125|0x0000000089100000, 0x000000008919f368, 0x0000000089200000| 62%| E|  |TS  2|AC  0|TAMS 0x0000000089100000, 0x0000000089100000|
| 126|0x0000000089200000, 0x0000000089300000, 0x0000000089300000|100%| E|CS|TS  2|AC  0|TAMS 0x0000000089200000, 0x0000000089200000|
| 127|0x0000000089300000, 0x0000000089400000, 0x0000000089400000|100%| E|CS|TS  2|AC  0|TAMS 0x0000000089300000, 0x0000000089300000|

Card table byte_map: [0x0000000003700000,0x0000000003b00000] byte_map_base: 0x00000000032f6000

Marking Bits (Prev, Next): (CMBitMap*) 0x00000000004ff9c0, (CMBitMap*) 0x00000000004ff9f8
 Prev Bits: [0x0000000003f00000, 0x0000000005eb0000)
 Next Bits: [0x000000001e300000, 0x00000000202b0000)

Polling page: 0x00000000000e0000

CodeHeap 'non-profiled nmethods': size=120064Kb used=1003Kb max_used=1003Kb free=119060Kb
 bounds [0x0000000016dc0000, 0x0000000017030000, 0x000000001e300000]
CodeHeap 'profiled nmethods': size=120000Kb used=5114Kb max_used=5114Kb free=114886Kb
 bounds [0x000000000f890000, 0x000000000fda0000, 0x0000000016dc0000]
CodeHeap 'non-nmethods': size=5696Kb used=1229Kb max_used=1277Kb free=4466Kb
 bounds [0x000000000f300000, 0x000000000f570000, 0x000000000f890000]
 total_blobs=3729 nmethods=2537 adapters=538
 compilation: enabled

Compilation events (10 events):
Event: 55.571 Thread 0x0000000006f09800 2624       1       javax.swing.AbstractButton::getVerticalAlignment (5 bytes)
Event: 55.572 Thread 0x0000000006f09800 nmethod 2624 0x0000000016eba290 code [0x0000000016eba440, 0x0000000016eba550]
Event: 55.572 Thread 0x0000000006f09800 2625       1       javax.swing.AbstractButton::getHorizontalAlignment (5 bytes)
Event: 55.572 Thread 0x0000000006f09800 nmethod 2625 0x0000000016eba590 code [0x0000000016eba740, 0x0000000016eba850]
Event: 55.572 Thread 0x0000000006f09800 2626       1       javax.swing.AbstractButton::getVerticalTextPosition (5 bytes)
Event: 55.572 Thread 0x0000000006f09800 nmethod 2626 0x0000000016eba890 code [0x0000000016ebaa40, 0x0000000016ebab50]
Event: 55.572 Thread 0x0000000006f09800 2627       1       javax.swing.AbstractButton::getHorizontalTextPosition (5 bytes)
Event: 55.572 Thread 0x0000000006f09800 nmethod 2627 0x0000000016ebab90 code [0x0000000016ebad40, 0x0000000016ebae50]
Event: 56.105 Thread 0x0000000006f09800 2628       3       sun.awt.windows.WComponentPeer::handleJavaMouseEvent (75 bytes)
Event: 56.108 Thread 0x0000000006f09800 nmethod 2628 0x000000000fd8f490 code [0x000000000fd8f720, 0x000000000fd90458]

GC Heap History (4 events):
Event: 6.120 GC heap before
{Heap before GC invocations=0 (full 0):
 garbage-first heap   total 131072K, used 16384K [0x0000000081400000, 0x0000000100000000)
  region size 1024K, 14 young (14336K), 0 survivors (0K)
 Metaspace       used 16936K, capacity 17343K, committed 17664K, reserved 1064960K
  class space    used 2055K, capacity 2260K, committed 2304K, reserved 1048576K
}
Event: 6.126 GC heap after
{Heap after GC invocations=1 (full 0):
 garbage-first heap   total 131072K, used 4748K [0x0000000081400000, 0x0000000100000000)
  region size 1024K, 2 young (2048K), 2 survivors (2048K)
 Metaspace       used 16936K, capacity 17343K, committed 17664K, reserved 1064960K
  class space    used 2055K, capacity 2260K, committed 2304K, reserved 1048576K
}
Event: 53.268 GC heap before
{Heap before GC invocations=1 (full 0):
 garbage-first heap   total 131072K, used 17036K [0x0000000081400000, 0x0000000100000000)
  region size 1024K, 14 young (14336K), 2 survivors (2048K)
 Metaspace       used 19776K, capacity 20265K, committed 20608K, reserved 1067008K
  class space    used 2336K, capacity 2576K, committed 2688K, reserved 1048576K
}
Event: 53.285 GC heap after
{Heap after GC invocations=2 (full 0):
 garbage-first heap   total 131072K, used 5823K [0x0000000081400000, 0x0000000100000000)
  region size 1024K, 2 young (2048K), 2 survivors (2048K)
 Metaspace       used 19776K, capacity 20265K, committed 20608K, reserved 1067008K
  class space    used 2336K, capacity 2576K, committed 2688K, reserved 1048576K
}

Deoptimization events (10 events):
Event: 23.862 Thread 0x0000000023805800 Uncommon trap: reason=class_check action=maybe_recompile pc=0x0000000016e5801c method=java.lang.invoke.InvokerBytecodeGenerator.emitPushArgument(Ljava/lang/Class;Ljava/lang/Object;)V @ 6 c2
Event: 23.863 Thread 0x0000000023805800 Uncommon trap: reason=unstable_if action=reinterpret pc=0x0000000016e17718 method=java.lang.invoke.InvokerBytecodeGenerator.isStaticallyNameable(Ljava/lang/Class;)Z @ 12 c2
Event: 23.863 Thread 0x0000000023805800 Uncommon trap: reason=unstable_if action=reinterpret pc=0x0000000016dfa348 method=jdk.internal.org.objectweb.asm.Frame.execute(IILjdk/internal/org/objectweb/asm/ClassWriter;Ljdk/internal/org/objectweb/asm/Item;)V @ 2220 c2
Event: 23.863 Thread 0x0000000023805800 Uncommon trap: reason=class_check action=maybe_recompile pc=0x0000000016e5801c method=java.lang.invoke.InvokerBytecodeGenerator.emitPushArgument(Ljava/lang/Class;Ljava/lang/Object;)V @ 6 c2
Event: 23.866 Thread 0x0000000023805800 Uncommon trap: reason=unstable_if action=reinterpret pc=0x0000000016e250bc method=java.lang.invoke.InvokerBytecodeGenerator.isStaticallyNameable(Ljava/lang/Class;)Z @ 12 c2
Event: 23.868 Thread 0x0000000023805800 Uncommon trap: reason=unstable_if action=reinterpret pc=0x0000000016e48eec method=java.security.AccessControlContext.optimize()Ljava/security/AccessControlContext; @ 234 c2
Event: 33.353 Thread 0x0000000023805800 Uncommon trap: reason=class_check action=maybe_recompile pc=0x0000000016e827b4 method=java.awt.EventQueue.coalesceEvent(Ljava/awt/AWTEvent;I)Z @ 77 c2
Event: 33.505 Thread 0x0000000023805800 Uncommon trap: reason=class_check action=maybe_recompile pc=0x0000000016e827b4 method=java.awt.EventQueue.coalesceEvent(Ljava/awt/AWTEvent;I)Z @ 77 c2
Event: 37.080 Thread 0x0000000023805800 Uncommon trap: reason=class_check action=maybe_recompile pc=0x0000000016e827b4 method=java.awt.EventQueue.coalesceEvent(Ljava/awt/AWTEvent;I)Z @ 77 c2
Event: 42.449 Thread 0x0000000023805800 Uncommon trap: reason=class_check action=maybe_recompile pc=0x0000000016e827b4 method=java.awt.EventQueue.coalesceEvent(Ljava/awt/AWTEvent;I)Z @ 77 c2

Classes redefined (0 events):
No events

Internal exceptions (10 events):
Event: 23.854 Thread 0x0000000023805800 Exception <a 'java/lang/NoSuchMethodError'{0x0000000088ead930}: java.lang.invoke.DirectMethodHandle$Holder.invokeStatic(Ljava/lang/Object;Ljava/lang/Object;)I> (0x0000000088ead930) thrown at [t:/workspace/open/src/hotspot/share/interpreter/linkResolver.cp
Event: 23.855 Thread 0x0000000023805800 Implicit null exception at 0x0000000016e04dcf to 0x0000000016e0523a
Event: 23.860 Thread 0x0000000023805800 Exception <a 'java/lang/NoSuchMethodError'{0x0000000088ebb360}: method resolution failed> (0x0000000088ebb360) thrown at [t:/workspace/open/src/hotspot/share/prims/methodHandles.cpp, line 1226]
Event: 23.861 Thread 0x0000000023805800 Exception <a 'java/lang/NoSuchMethodError'{0x0000000088ebf198}: method resolution failed> (0x0000000088ebf198) thrown at [t:/workspace/open/src/hotspot/share/prims/methodHandles.cpp, line 1226]
Event: 23.861 Thread 0x0000000023805800 Exception <a 'java/lang/NoSuchMethodError'{0x0000000088ec2bb0}: java.lang.invoke.DelegatingMethodHandle$Holder.delegate(Ljava/lang/Object;Ljava/lang/Object;ILjava/lang/Object;)V> (0x0000000088ec2bb0) thrown at [t:/workspace/open/src/hotspot/share/interpre
Event: 23.864 Thread 0x0000000023805800 Exception <a 'java/lang/NoSuchMethodError'{0x0000000088eca320}: java.lang.invoke.DirectMethodHandle$Holder.invokeStaticInit(Ljava/lang/Object;Ljava/lang/Object;Ljava/lang/Object;)Ljava/lang/Object;> (0x0000000088eca320) thrown at [t:/workspace/open/src/ho
Event: 23.868 Thread 0x0000000023805800 Exception <a 'java/lang/ClassNotFoundException'{0x0000000088ed6748}: sun/security/util/spi/ResourcesProvider> (0x0000000088ed6748) thrown at [t:/workspace/open/src/hotspot/share/classfile/systemDictionary.cpp, line 233]
Event: 23.939 Thread 0x0000000023805800 Exception <a 'sun/security/pkcs11/wrapper/PKCS11Exception'{0x0000000088ee05d0}> (0x0000000088ee05d0) thrown at [t:/workspace/open/src/hotspot/share/prims/jni.cpp, line 611]
Event: 23.939 Thread 0x0000000023805800 Exception <a 'java/security/PrivilegedActionException'{0x0000000088ee16a8}> (0x0000000088ee16a8) thrown at [t:/workspace/open/src/hotspot/share/prims/jvm.cpp, line 1345]
Event: 30.780 Thread 0x0000000023805800 Exception <a 'sun/security/pkcs11/wrapper/PKCS11Exception'{0x0000000088d8c208}> (0x0000000088d8c208) thrown at [t:/workspace/open/src/hotspot/share/prims/jni.cpp, line 611]

Events (10 events):
Event: 60.305 Thread 0x000000002409f000 Thread exited: 0x000000002409f000
Event: 60.305 Thread 0x000000002409d800 Thread exited: 0x000000002409d800
Event: 60.311 Executing VM operation: RevokeBias
Event: 60.311 Executing VM operation: RevokeBias done
Event: 60.311 Thread 0x0000000023af8800 Thread exited: 0x0000000023af8800
Event: 60.311 Executing VM operation: RevokeBias
Event: 60.311 Executing VM operation: RevokeBias done
Event: 60.311 Thread 0x00000000252c2800 Thread exited: 0x00000000252c2800
Event: 60.412 Thread 0x000000002409e000 Thread exited: 0x000000002409e000
Event: 60.426 Executing VM operation: Exit


Dynamic libraries:
0x000000013ff80000 - 0x000000013ffbe000 	C:\Program Files\Java\jre-10.0.1\bin\javaw.exe
0x00000000771e0000 - 0x000000007737f000 	C:\Windows\SYSTEM32\ntdll.dll
0x000007fef11c0000 - 0x000007fef11e8000 	C:\Program Files\Cylance\Desktop\CyMemDef64.dll
0x00000000770c0000 - 0x00000000771df000 	C:\Windows\system32\kernel32.dll
0x000007fefcf00000 - 0x000007fefcf6a000 	C:\Windows\system32\KERNELBASE.dll
0x000007feff0a0000 - 0x000007feff17b000 	C:\Windows\system32\ADVAPI32.dll
0x000007fefe7b0000 - 0x000007fefe84f000 	C:\Windows\system32\msvcrt.dll
0x000007feff180000 - 0x000007feff19f000 	C:\Windows\SYSTEM32\sechost.dll
0x000007fefe8c0000 - 0x000007fefe9ed000 	C:\Windows\system32\RPCRT4.dll
0x0000000076fc0000 - 0x00000000770ba000 	C:\Windows\system32\USER32.dll
0x000007fefe850000 - 0x000007fefe8b7000 	C:\Windows\system32\GDI32.dll
0x000007fefee80000 - 0x000007fefee8e000 	C:\Windows\system32\LPK.dll
0x000007fefd2d0000 - 0x000007fefd39b000 	C:\Windows\system32\USP10.dll
0x000007fef5e60000 - 0x000007fef6054000 	C:\Windows\WinSxS\amd64_microsoft.windows.common-controls_6595b64144ccf1df_6.0.7601.18837_none_fa3b1e3d17594757\COMCTL32.dll
0x000007fefe400000 - 0x000007fefe471000 	C:\Windows\system32\SHLWAPI.dll
0x000007fefc100000 - 0x000007fefc10c000 	C:\Windows\system32\VERSION.dll
0x000007fefec20000 - 0x000007fefec4e000 	C:\Windows\system32\IMM32.DLL
0x000007fefef90000 - 0x000007feff099000 	C:\Windows\system32\MSCTF.dll
0x000007fed6530000 - 0x000007fed661f000 	C:\Program Files\Java\jre-10.0.1\bin\msvcr120.dll
0x000007fed5d90000 - 0x000007fed5e36000 	C:\Program Files\Java\jre-10.0.1\bin\msvcp120.dll
0x00000000071c0000 - 0x0000000007c30000 	C:\Program Files\Java\jre-10.0.1\bin\server\jvm.dll
0x000007fef3720000 - 0x000007fef3729000 	C:\Windows\system32\WSOCK32.dll
0x000007fefec50000 - 0x000007fefec9d000 	C:\Windows\system32\WS2_32.dll
0x000007feff4c0000 - 0x000007feff4c8000 	C:\Windows\system32\NSI.dll
0x000007fef55e0000 - 0x000007fef561b000 	C:\Windows\system32\WINMM.dll
0x0000000077390000 - 0x0000000077397000 	C:\Windows\system32\PSAPI.DLL
0x000007feedb10000 - 0x000007feedb1f000 	C:\Program Files\Java\jre-10.0.1\bin\verify.dll
0x000007fee7dc0000 - 0x000007fee7ee5000 	C:\Windows\system32\DBGHELP.DLL
0x000007fed7ce0000 - 0x000007fed7d07000 	C:\Program Files\Java\jre-10.0.1\bin\java.dll
0x000007feedaf0000 - 0x000007feedb06000 	C:\Program Files\Java\jre-10.0.1\bin\zip.dll
0x000007feedaa0000 - 0x000007feedaaa000 	C:\Program Files\Java\jre-10.0.1\bin\jimage.dll
0x000007fefd3a0000 - 0x000007fefe12b000 	C:\Windows\system32\SHELL32.dll
0x000007feff2c0000 - 0x000007feff4bd000 	C:\Windows\system32\ole32.dll
0x000007fefcec0000 - 0x000007fefcecf000 	C:\Windows\system32\profapi.dll
0x000007fee4a50000 - 0x000007fee4a6a000 	C:\Program Files\Java\jre-10.0.1\bin\net.dll
0x000007fef32c0000 - 0x000007fef3331000 	C:\Windows\system32\WINHTTP.dll
0x000007fef31c0000 - 0x000007fef3225000 	C:\Windows\system32\webio.dll
0x000007fefc640000 - 0x000007fefc695000 	C:\Windows\system32\mswsock.dll
0x000007fefc630000 - 0x000007fefc637000 	C:\Windows\System32\wship6.dll
0x000007fed82f0000 - 0x000007fed8301000 	C:\Program Files\Java\jre-10.0.1\bin\nio.dll
0x000007fed4fe0000 - 0x000007fed517b000 	C:\Program Files\Java\jre-10.0.1\bin\awt.dll
0x000007fefeeb0000 - 0x000007fefef8a000 	C:\Windows\system32\OLEAUT32.dll
0x000007fed44e0000 - 0x000007fed48a4000 	C:\Windows\system32\d2d1.dll
0x000007fef5680000 - 0x000007fef5698000 	C:\Windows\system32\DWMAPI.DLL
0x000007fee6bd0000 - 0x000007fee6ced000 	C:\Windows\system32\opengl32.dll
0x000007fee7af0000 - 0x000007fee7b1d000 	C:\Windows\system32\GLU32.dll
0x000007fee6ad0000 - 0x000007fee6bc1000 	C:\Windows\system32\DDRAW.dll
0x000007fee7ae0000 - 0x000007fee7ae8000 	C:\Windows\system32\DCIMAN32.dll
0x000007fefeca0000 - 0x000007fefee77000 	C:\Windows\system32\SETUPAPI.dll
0x000007fefd050000 - 0x000007fefd086000 	C:\Windows\system32\CFGMGR32.dll
0x000007fefd030000 - 0x000007fefd04a000 	C:\Windows\system32\DEVOBJ.dll
0x000007fef5d80000 - 0x000007fef5dd6000 	C:\Windows\system32\uxtheme.dll
0x000007fefcd10000 - 0x000007fefcd1f000 	C:\Windows\system32\CRYPTBASE.dll
0x000007fed63e0000 - 0x000007fed6445000 	C:\Program Files\Java\jre-10.0.1\bin\fontmanager.dll
0x000007fefeb80000 - 0x000007fefec19000 	C:\Windows\system32\CLBCatQ.DLL
0x000007fef5270000 - 0x000007fef53d1000 	C:\Windows\system32\WindowsCodecs.dll
0x000007fefccb0000 - 0x000007fefcd07000 	C:\Windows\system32\apphelp.dll
0x000007feec780000 - 0x000007feec7d6000 	C:\Users\MTHOMPSON\AppData\Local\Microsoft\OneDrive\17.3.4604.0120\amd64\FileSyncShell64.dll
0x000007feec410000 - 0x000007feec4b7000 	C:\Users\MTHOMPSON\AppData\Local\Microsoft\OneDrive\17.3.4604.0120\amd64\MSVCP110.dll
0x000007feec570000 - 0x000007feec63e000 	C:\Users\MTHOMPSON\AppData\Local\Microsoft\OneDrive\17.3.4604.0120\amd64\MSVCR110.dll
0x000007fefe480000 - 0x000007fefe7a1000 	C:\Windows\system32\WININET.dll
0x000007fefd210000 - 0x000007fefd214000 	C:\Windows\system32\api-ms-win-downlevel-user32-l1-1-0.dll
0x000007fefd010000 - 0x000007fefd014000 	C:\Windows\system32\api-ms-win-downlevel-shlwapi-l1-1-0.dll
0x000007fefd200000 - 0x000007fefd204000 	C:\Windows\system32\api-ms-win-downlevel-version-l1-1-0.dll
0x000007fefd220000 - 0x000007fefd223000 	C:\Windows\system32\api-ms-win-downlevel-normaliz-l1-1-0.dll
0x0000000077380000 - 0x0000000077383000 	C:\Windows\system32\normaliz.DLL
0x000007fefe130000 - 0x000007fefe3fa000 	C:\Windows\system32\iertutil.dll
0x000007fefcef0000 - 0x000007fefcef5000 	C:\Windows\system32\api-ms-win-downlevel-advapi32-l1-1-0.dll
0x000007fefced0000 - 0x000007fefceee000 	C:\Windows\system32\USERENV.dll
0x000007fee9970000 - 0x000007fee9c85000 	C:\Program Files (x86)\Microsoft Office\root\VFS\ProgramFilesX64\Microsoft Office\Office16\GROOVEEX.DLL
0x000007fee9830000 - 0x000007fee9846000 	C:\Program Files (x86)\Microsoft Office\root\VFS\ProgramFilesX64\Microsoft Office\Office16\VCRUNTIME140.dll
0x000007fee9600000 - 0x000007fee9604000 	C:\Program Files (x86)\Microsoft Office\root\VFS\ProgramFilesX64\Microsoft Office\Office16\api-ms-win-crt-runtime-l1-1-0.dll
0x000007fed5620000 - 0x000007fed5716000 	C:\Program Files\Java\jre-10.0.1\bin\ucrtbase.DLL
0x000007fee7760000 - 0x000007fee7763000 	C:\Program Files\Java\jre-10.0.1\bin\api-ms-win-core-timezone-l1-1-0.dll
0x000007fee6820000 - 0x000007fee6823000 	C:\Program Files\Java\jre-10.0.1\bin\api-ms-win-core-file-l2-1-0.dll
0x000007fee3bc0000 - 0x000007fee3bc3000 	C:\Program Files\Java\jre-10.0.1\bin\api-ms-win-core-localization-l1-2-0.dll
0x000007fedec30000 - 0x000007fedec33000 	C:\Program Files\Java\jre-10.0.1\bin\api-ms-win-core-synch-l1-2-0.dll
0x000007fed8360000 - 0x000007fed8363000 	C:\Program Files\Java\jre-10.0.1\bin\api-ms-win-core-processthreads-l1-1-1.dll
0x000007fed8180000 - 0x000007fed8183000 	C:\Program Files\Java\jre-10.0.1\bin\api-ms-win-core-file-l1-2-0.dll
0x000007fee7f10000 - 0x000007fee7f14000 	C:\Program Files (x86)\Microsoft Office\root\VFS\ProgramFilesX64\Microsoft Office\Office16\api-ms-win-crt-string-l1-1-0.dll
0x000007fee7f00000 - 0x000007fee7f03000 	C:\Program Files (x86)\Microsoft Office\root\VFS\ProgramFilesX64\Microsoft Office\Office16\api-ms-win-crt-heap-l1-1-0.dll
0x000007fee7ef0000 - 0x000007fee7ef4000 	C:\Program Files (x86)\Microsoft Office\root\VFS\ProgramFilesX64\Microsoft Office\Office16\api-ms-win-crt-stdio-l1-1-0.dll
0x000007fee7ca0000 - 0x000007fee7ca4000 	C:\Program Files (x86)\Microsoft Office\root\VFS\ProgramFilesX64\Microsoft Office\Office16\api-ms-win-crt-convert-l1-1-0.dll
0x000007fee7be0000 - 0x000007fee7c7f000 	C:\Program Files (x86)\Microsoft Office\root\VFS\ProgramFilesX64\Microsoft Office\Office16\MSVCP140.dll
0x000007fee7bd0000 - 0x000007fee7bd3000 	C:\Program Files (x86)\Microsoft Office\root\VFS\ProgramFilesX64\Microsoft Office\Office16\api-ms-win-crt-locale-l1-1-0.dll
0x000007fee7bc0000 - 0x000007fee7bc5000 	C:\Program Files (x86)\Microsoft Office\root\VFS\ProgramFilesX64\Microsoft Office\Office16\api-ms-win-crt-math-l1-1-0.dll
0x000007fee7bb0000 - 0x000007fee7bb5000 	C:\Program Files (x86)\Microsoft Office\root\VFS\ProgramFilesX64\Microsoft Office\Office16\api-ms-win-crt-multibyte-l1-1-0.dll
0x000007fee7ba0000 - 0x000007fee7ba3000 	C:\Program Files (x86)\Microsoft Office\root\VFS\ProgramFilesX64\Microsoft Office\Office16\api-ms-win-crt-time-l1-1-0.dll
0x000007fee7b90000 - 0x000007fee7b93000 	C:\Program Files (x86)\Microsoft Office\root\VFS\ProgramFilesX64\Microsoft Office\Office16\api-ms-win-crt-filesystem-l1-1-0.dll
0x000007fee7b80000 - 0x000007fee7b83000 	C:\Program Files (x86)\Microsoft Office\root\VFS\ProgramFilesX64\Microsoft Office\Office16\api-ms-win-crt-environment-l1-1-0.dll
0x000007fee7b70000 - 0x000007fee7b73000 	C:\Program Files (x86)\Microsoft Office\root\VFS\ProgramFilesX64\Microsoft Office\Office16\api-ms-win-crt-utility-l1-1-0.dll
0x000007fef0880000 - 0x000007fef0b9e000 	C:\Windows\system32\msi.dll
0x000007fee6d30000 - 0x000007fee75b3000 	C:\Program Files (x86)\Microsoft Office\root\VFS\ProgramFilesX64\Microsoft Office\Office16\1033\GrooveIntlResource.dll
0x000007fee6cf0000 - 0x000007fee6d25000 	C:\Windows\system32\EhStorShell.dll
0x000007fef6060000 - 0x000007fef618c000 	C:\Windows\system32\PROPSYS.dll
0x000007fee7770000 - 0x000007fee77ee000 	C:\Windows\System32\cscui.dll
0x000007fee7ad0000 - 0x000007fee7adc000 	C:\Windows\System32\CSCDLL.dll
0x000007feee7d0000 - 0x000007feee7df000 	C:\Windows\system32\CSCAPI.dll
0x000007fee7680000 - 0x000007fee7700000 	C:\Windows\system32\ntshrui.dll
0x000007fefc920000 - 0x000007fefc943000 	C:\Windows\system32\srvcli.dll
0x000007fef5850000 - 0x000007fef585b000 	C:\Windows\system32\slc.dll
0x000007fed6aa0000 - 0x000007fed6ae2000 	C:\Program Files\Java\jre-10.0.1\bin\t2k.dll
0x000007feee7e0000 - 0x000007feee880000 	C:\Windows\WinSxS\amd64_microsoft.windows.common-controls_6595b64144ccf1df_5.82.7601.18837_none_a4d981ff711297b6\comctl32.dll
0x000007fee60a0000 - 0x000007fee623c000 	C:\Windows\system32\NetworkExplorer.dll
0x000007fef7c00000 - 0x000007fef7c2d000 	C:\Windows\system32\ntmarta.dll
0x000007fefd270000 - 0x000007fefd2c2000 	C:\Windows\system32\WLDAP32.dll
0x000007fee6670000 - 0x000007fee66a4000 	C:\Windows\System32\shdocvw.dll
0x000007feee900000 - 0x000007feee918000 	C:\Windows\system32\MPR.dll
0x000007fef4fa0000 - 0x000007fef4faa000 	C:\Windows\System32\drprov.dll
0x000007fefcdc0000 - 0x000007fefcdfd000 	C:\Windows\System32\WINSTA.dll
0x000007fedec80000 - 0x000007fedeca2000 	C:\Windows\System32\ntlanman.dll
0x000007feee980000 - 0x000007feee99e000 	C:\Windows\System32\davclnt.dll
0x000007fef4f90000 - 0x000007fef4f9a000 	C:\Windows\System32\DAVHLPR.dll
0x000007fef7cb0000 - 0x000007fef7cc5000 	C:\Windows\system32\wkscli.dll
0x000007fefc2d0000 - 0x000007fefc2dc000 	C:\Windows\system32\netutils.dll
0x000007feedac0000 - 0x000007feedae7000 	C:\Windows\system32\EhStorAPI.dll
0x000007fefd230000 - 0x000007fefd26b000 	C:\Windows\system32\WINTRUST.dll
0x000007fefd090000 - 0x000007fefd1fd000 	C:\Windows\system32\CRYPT32.dll
0x000007fefceb0000 - 0x000007fefcebf000 	C:\Windows\system32\MSASN1.dll
0x000007fee63f0000 - 0x000007fee64c7000 	C:\Windows\system32\SearchFolder.dll
0x000007feee930000 - 0x000007feee93c000 	C:\Windows\system32\LINKINFO.dll
0x000007fef55a0000 - 0x000007fef55d5000 	C:\Windows\system32\XmlLite.dll
0x000007fee4680000 - 0x000007fee490b000 	C:\Windows\System32\netshell.dll
0x000007fef7c80000 - 0x000007fef7ca7000 	C:\Windows\System32\IPHLPAPI.DLL
0x000007fef7c70000 - 0x000007fef7c7b000 	C:\Windows\System32\WINNSI.DLL
0x000007fef7d40000 - 0x000007fef7d55000 	C:\Windows\System32\nlaapi.dll
0x000007feef830000 - 0x000007feefa22000 	C:\Windows\System32\msxml6.dll
0x000007fefc7f0000 - 0x000007fefc812000 	C:\Windows\System32\bcrypt.dll

dbghelp: loaded successfully - version: 4.0.5 - missing functions: none
symbol engine: initialized successfully - sym options: 0x614 - pdb path: .;C:\Program Files\Java\jre-10.0.1\bin;C:\Windows\SYSTEM32;C:\Program Files\Cylance\Desktop;C:\Windows\WinSxS\amd64_microsoft.windows.common-controls_6595b64144ccf1df_6.0.7601.18837_none_fa3b1e3d17594757;C:\Program Files\Java\jre-10.0.1\bin\server;C:\Users\MTHOMPSON\AppData\Local\Microsoft\OneDrive\17.3.4604.0120\amd64;C:\Program Files (x86)\Microsoft Office\root\VFS\ProgramFilesX64\Microsoft Office\Office16;C:\Program Files (x86)\Microsoft Office\root\VFS\ProgramFilesX64\Microsoft Office\Office16\1033;C:\Windows\WinSxS\amd64_microsoft.windows.common-controls_6595b64144ccf1df_5.82.7601.18837_none_a4d981ff711297b6;C:\Windows\WinSxS\amd64_microsoft.windows.gdiplus_6595b64144ccf1df_1.1.7601.23894_none_145eb2808b8d6928;C:\Program Files\90meter\CACPIVMD\pkcs11\x64

VM Arguments:
java_command: \\nas\share\temp\Chad\Dev\Dev\PKCS11GUIv2.1\out\artifacts\PKCS11GUIv2_1_jar\PKCS11GUIv2.1.jar
java_class_path (initial): \\nas\share\temp\Chad\Dev\Dev\PKCS11GUIv2.1\out\artifacts\PKCS11GUIv2_1_jar\PKCS11GUIv2.1.jar
Launcher Type: SUN_STANDARD

Logging:
Log output configuration:
#0: stdout all=warning uptime,level,tags
#1: stderr all=off uptime,level,tags

Environment Variables:
PATH=C:\Program Files (x86)\Common Files\Oracle\Java\javapath;C:\ProgramData\Oracle\Java\javapath;C:\Windows\system32;C:\Windows;C:\Windows\System32\Wbem;C:\Windows\System32\WindowsPowerShell\v1.0\;C:\Program Files\Shield;C:\Users\MTHOMPSON\.dnx\bin;C:\Program Files\Microsoft DNX\Dnvm\;C:\Program Files\Microsoft SQL Server\130\Tools\Binn\
USERNAME=MTHOMPSON
OS=Windows_NT
PROCESSOR_IDENTIFIER=Intel64 Family 6 Model 60 Stepping 3, GenuineIntel



---------------  S Y S T E M  ---------------

OS: Windows 7 , 64 bit Build 7601 (6.1.7601.24168)

CPU:total 4 (initial active 4) (4 cores per cpu, 1 threads per core) family 6 model 60 stepping 3, cmov, cx8, fxsr, mmx, sse, sse2, sse3, ssse3, sse4.1, sse4.2, popcnt, avx, avx2, aes, clmul, erms, lzcnt, tsc, tscinvbit, bmi1, bmi2, fma

Memory: 4k page, physical 8305012k(4872628k free), swap 16608148k(10856256k free)

vm_info: Java HotSpot(TM) 64-Bit Server VM (10.0.1+10) for windows-amd64 JRE (10.0.1+10), built on Mar 27 2018 02:27:48 by "mach5one" with MS VC++ 12.0 (VS2013)

END.
